\BOOKMARK [0][]{mychapter.1.1}{\376\377\000D\000A\000O\000\040\001\020\036\330\000N\000G}{}% 1
\BOOKMARK [0][]{chapter.1}{\376\377\000T\000\363\000m\000\040\000t\036\257\000t\000\040\000l\000\375\000\040\000t\000h\000u\000y\036\277\000t}{}% 2
\BOOKMARK [1][]{section.1.1}{\376\377\000M\000\364\000\040\000t\036\243\000\040\000d\000a\000o\000\040\001\021\036\331\000n\000g}{chapter.1}% 3
\BOOKMARK [1][]{section.1.2}{\376\377\000P\000h\001\260\001\241\000n\000g\000\040\000t\000r\000\354\000n\000h\000\040\000d\000a\000o\000\040\001\021\036\331\000n\000g\000\040\001\021\000i\036\301\000u\000\040\000h\000o\000\340}{chapter.1}% 4
\BOOKMARK [1][]{section.1.3}{\376\377\000N\001\003\000n\000g\000\040\000l\001\260\036\343\000n\000g\000\040\000t\000r\000o\000n\000g\000\040\000d\000a\000o\000\040\001\021\036\331\000n\000g\000\040\001\021\000i\036\301\000u\000\040\000h\000o\000\340}{chapter.1}% 5
\BOOKMARK [1][]{section.1.4}{\376\377\000D\000a\000o\000\040\001\021\036\331\000n\000g\000\040\000t\036\257\000t\000\040\000d\036\247\000n\000\040\000v\000\340\000\040\000h\000i\036\307\000n\000\040\000t\001\260\036\343\000n\000g\000\040\000c\036\331\000n\000g\000\040\000h\001\260\036\337\000n\000g}{chapter.1}% 6
\BOOKMARK [0][]{chapter.2}{\376\377\000T\000\363\000m\000\040\000t\036\257\000t\000\040\000c\000\364\000n\000g\000\040\000t\000h\036\351\000c}{}% 7
\BOOKMARK [1][]{section.2.1}{\376\377\000C\000h\000u\000\040\000k\000\354\000,\000\040\000t\036\247\000n\000\040\000s\036\321\000,\000\040\000t\036\247\000n\000\040\000s\036\321\000\040\000g\000\363\000c\000\040\000c\036\347\000a\000\040\000v\036\255\000t\000\040\000d\000a\000o\000\040\001\021\036\331\000n\000g\000\040\001\021\000i\036\301\000u\000\040\000h\000o\000\340}{chapter.2}% 8
\BOOKMARK [1][]{section.2.2}{\376\377\000P\000h\001\260\001\241\000n\000g\000\040\000t\000r\000\354\000n\000h\000\040\000d\000a\000o\000\040\001\021\036\331\000n\000g\000\040\001\021\000i\036\301\000u\000\040\000h\000o\000\340}{chapter.2}% 9
\BOOKMARK [1][]{section.2.3}{\376\377\000Q\000u\000\343\000n\000g\000\040\001\021\001\260\036\335\000n\000g\000\040\001\021\000i\000\040\001\021\001\260\036\343\000c}{chapter.2}% 10
\BOOKMARK [1][]{section.2.4}{\376\377\000M\036\321\000i\000\040\000l\000i\000\352\000n\000\040\000h\036\307\000\040\000g\000i\036\357\000a\000\040\000c\000\341\000c\000\040\001\021\036\241\000i\000\040\000l\001\260\036\343\000n\000g\000\040\000t\000r\000o\000n\000g\000\040\000d\000a\000o\000\040\001\021\036\331\000n\000g\000\040\001\021\000i\036\301\000u\000\040\000h\000o\000\340}{chapter.2}% 11
\BOOKMARK [1][]{section.2.5}{\376\377\000M\036\331\000t\000\040\000s\036\321\000\040\000d\000a\000o\000\040\001\021\036\331\000n\000g\000\040\001\021\000i\036\301\000u\000\040\000h\000o\000\340\000\040\000t\000h\001\260\036\335\000n\000g\000\040\000g\036\267\000p}{chapter.2}% 12
\BOOKMARK [1][]{section.2.6}{\376\377\000D\000a\000o\000\040\001\021\036\331\000n\000g\000\040\000t\036\257\000t\000\040\000d\036\247\000n\000\040\000v\000\340\000\040\000h\000i\036\307\000n\000\040\000t\001\260\036\343\000n\000g\000\040\000c\036\331\000n\000g\000\040\000h\001\260\036\337\000n\000g}{chapter.2}% 13
\BOOKMARK [0][]{chapter.3}{\376\377\000C\000\342\000u\000\040\000h\036\317\000i\000\040\000\364\000n\000\040\000t\036\255\000p}{}% 14
\BOOKMARK [0][]{mychapter.1.2}{\376\377\000S\000\323\000N\000G}{}% 15
\BOOKMARK [0][]{chapter.4}{\376\377\000T\000\363\000m\000\040\000t\036\257\000t\000\040\000l\000\375\000\040\000t\000h\000u\000y\036\277\000t}{}% 16
\BOOKMARK [1][]{section.4.1}{\376\377\000S\000\363\000n\000g\000\040\000v\000\340\000\040\000s\036\361\000\040\000t\000r\000u\000y\036\301\000n\000\040\000s\000\363\000n\000g}{chapter.4}% 17
\BOOKMARK [1][]{section.4.2}{\376\377\000C\000\341\000c\000\040\001\021\036\267\000c\000\040\000t\000r\001\260\000n\000g\000\040\000v\036\255\000t\000\040\000l\000\355\000\040\000c\036\347\000a\000\040\000s\000\363\000n\000g}{chapter.4}% 18
\BOOKMARK [1][]{section.4.3}{\376\377\000S\000\363\000n\000g\000\040\001\021\000i\036\307\000n\000\040\000t\036\353}{chapter.4}% 19
\BOOKMARK [1][]{section.4.4}{\376\377\000G\000i\000a\000o\000\040\000t\000h\000o\000a\000\040\000s\000\363\000n\000g}{chapter.4}% 20
\BOOKMARK [1][]{section.4.5}{\376\377\000S\000\363\000n\000g\000\040\000d\036\353\000n\000g}{chapter.4}% 21
\BOOKMARK [0][]{chapter.5}{\376\377\000T\000\363\000m\000\040\000t\036\257\000t\000\040\000c\000\364\000n\000g\000\040\000t\000h\036\351\000c}{}% 22
\BOOKMARK [1][]{section.5.1}{\376\377\000C\000\341\000c\000\040\001\021\036\241\000i\000\040\000l\001\260\036\343\000n\000g\000\040\001\021\036\267\000c\000\040\000t\000r\001\260\000n\000g\000\040\000c\036\347\000a\000\040\000s\000\363\000n\000g}{chapter.5}% 23
\BOOKMARK [1][]{section.5.2}{\376\377\000P\000h\001\260\001\241\000n\000g\000\040\000t\000r\000\354\000n\000h\000\040\000s\000\363\000n\000g}{chapter.5}% 24
\BOOKMARK [1][]{section.5.3}{\376\377\000G\000i\000a\000o\000\040\000t\000h\000o\000a\000\040\000s\000\363\000n\000g}{chapter.5}% 25
\BOOKMARK [1][]{section.5.4}{\376\377\000S\000\363\000n\000g\000\040\000d\036\353\000n\000g}{chapter.5}% 26
\BOOKMARK [0][]{chapter.6}{\376\377\000C\000\342\000u\000\040\000h\036\317\000i\000\040\000\364\000n\000\040\000t\036\255\000p}{}% 27
